<?xml version="1.0" encoding="UTF-8"?>
<!-- Generated by org.testng.reporters.JUnitXMLReporter -->
<testsuite hostname="DESKTOP-VVQ736U" ignored="2" name="Default test" tests="5" failures="0" timestamp="11 五月 2018 06:35:31 GMT" time="0.123" errors="0">
  <testcase name="@BeforeClass beforeClass" time="0.0" classname="com.zxp.test.learn.SeleniumTest">
    <failure type="org.testng.TestNGException" message="
Parameter &amp;apos;Browser&amp;apos; is required by BeforeClass on method beforeClass but has not been marked @Optional or defined
in C:\Temp\testng-eclipse--1153734170\testng-customsuite.xml">
      <![CDATA[org.testng.TestNGException: 
Parameter 'Browser' is required by BeforeClass on method beforeClass but has not been marked @Optional or defined
in C:\Temp\testng-eclipse--1153734170\testng-customsuite.xml
	at org.testng.internal.Parameters.createParameters(Parameters.java:199)
	at org.testng.internal.Parameters.createParameters(Parameters.java:443)
	at org.testng.internal.Parameters.createConfigurationParameters(Parameters.java:118)
	at org.testng.internal.Invoker.invokeConfigurations(Invoker.java:203)
	at org.testng.internal.Invoker.invokeConfigurations(Invoker.java:144)
	at org.testng.internal.TestMethodWorker.invokeBeforeClassMethods(TestMethodWorker.java:169)
	at org.testng.internal.TestMethodWorker.run(TestMethodWorker.java:108)
	at org.testng.TestRunner.privateRun(TestRunner.java:756)
	at org.testng.TestRunner.run(TestRunner.java:610)
	at org.testng.SuiteRunner.runTest(SuiteRunner.java:387)
	at org.testng.SuiteRunner.runSequentially(SuiteRunner.java:382)
	at org.testng.SuiteRunner.privateRun(SuiteRunner.java:340)
	at org.testng.SuiteRunner.run(SuiteRunner.java:289)
	at org.testng.SuiteRunnerWorker.runSuite(SuiteRunnerWorker.java:52)
	at org.testng.SuiteRunnerWorker.run(SuiteRunnerWorker.java:86)
	at org.testng.TestNG.runSuitesSequentially(TestNG.java:1293)
	at org.testng.TestNG.runSuitesLocally(TestNG.java:1218)
	at org.testng.TestNG.runSuites(TestNG.java:1133)
	at org.testng.TestNG.run(TestNG.java:1104)
	at org.testng.remote.AbstractRemoteTestNG.run(AbstractRemoteTestNG.java:132)
	at org.testng.remote.RemoteTestNG.initAndRun(RemoteTestNG.java:236)
	at org.testng.remote.RemoteTestNG.main(RemoteTestNG.java:81)
]]>
    </failure>
  </testcase> <!-- @BeforeClass beforeClass -->
  <testcase name="@AfterClass afterClass" time="0.0" classname="com.zxp.test.learn.SeleniumTest">
    <skipped/>
  </testcase> <!-- @AfterClass afterClass -->
  <testcase name="test1" time="0.011" classname="com.zxp.test.learn.SeleniumTest">
    <skipped/>
  </testcase> <!-- test1 -->
  <testcase name="test2" time="0.006" classname="com.zxp.test.learn.SeleniumTest">
    <skipped/>
  </testcase> <!-- test2 -->
  <testcase name="testChangeColor" time="0.011" classname="com.zxp.test.learn.SeleniumTest">
    <skipped/>
  </testcase> <!-- testChangeColor -->
  <testcase name="testFrame" time="0.003" classname="com.zxp.test.learn.SeleniumTest">
    <skipped/>
  </testcase> <!-- testFrame -->
  <testcase name="testScript" time="0.001" classname="com.zxp.test.learn.SeleniumTest">
    <skipped/>
  </testcase> <!-- testScript -->
  <testcase name="testAlert" time="0.0" classname="com.zxp.test.learn.SeleniumTest">
    <ignored/>
  </testcase> <!-- testAlert -->
  <testcase name="test3" time="0.0" classname="com.zxp.test.learn.SeleniumTest">
    <ignored/>
  </testcase> <!-- test3 -->
</testsuite> <!-- Default test -->
